{"C:\\Cristofer\\devpleno\\convertmymoney\\lib\\apiBc.js": {"path":"C:\\Cristofer\\devpleno\\convertmymoney\\lib\\apiBc.js","statementMap":{"0":{"start":{"line":1,"column":14},"end":{"line":1,"column":30}},"1":{"start":{"line":3,"column":15},"end":{"line":3,"column":236}},"2":{"start":{"line":3,"column":23},"end":{"line":3,"column":236}},"3":{"start":{"line":5,"column":24},"end":{"line":5,"column":48}},"4":{"start":{"line":5,"column":34},"end":{"line":5,"column":48}},"5":{"start":{"line":7,"column":26},"end":{"line":7,"column":64}},"6":{"start":{"line":7,"column":34},"end":{"line":7,"column":64}},"7":{"start":{"line":9,"column":17},"end":{"line":13,"column":1}},"8":{"start":{"line":10,"column":16},"end":{"line":10,"column":26}},"9":{"start":{"line":11,"column":24},"end":{"line":11,"column":89}},"10":{"start":{"line":12,"column":2},"end":{"line":12,"column":22}},"11":{"start":{"line":15,"column":21},"end":{"line":28,"column":1}},"12":{"start":{"line":15,"column":82},"end":{"line":28,"column":1}},"13":{"start":{"line":16,"column":2},"end":{"line":27,"column":3}},"14":{"start":{"line":17,"column":18},"end":{"line":17,"column":28}},"15":{"start":{"line":18,"column":16},"end":{"line":18,"column":29}},"16":{"start":{"line":19,"column":16},"end":{"line":19,"column":42}},"17":{"start":{"line":20,"column":22},"end":{"line":20,"column":43}},"18":{"start":{"line":22,"column":4},"end":{"line":22,"column":20}},"19":{"start":{"line":24,"column":4},"end":{"line":24,"column":20}},"20":{"start":{"line":26,"column":4},"end":{"line":26,"column":13}},"21":{"start":{"line":29,"column":0},"end":{"line":38,"column":1}}},"fnMap":{"0":{"name":"(anonymous_0)","decl":{"start":{"line":3,"column":15},"end":{"line":3,"column":16}},"loc":{"start":{"line":3,"column":23},"end":{"line":3,"column":236}},"line":3},"1":{"name":"(anonymous_1)","decl":{"start":{"line":5,"column":24},"end":{"line":5,"column":25}},"loc":{"start":{"line":5,"column":34},"end":{"line":5,"column":48}},"line":5},"2":{"name":"(anonymous_2)","decl":{"start":{"line":7,"column":26},"end":{"line":7,"column":27}},"loc":{"start":{"line":7,"column":34},"end":{"line":7,"column":64}},"line":7},"3":{"name":"(anonymous_3)","decl":{"start":{"line":9,"column":17},"end":{"line":9,"column":18}},"loc":{"start":{"line":9,"column":23},"end":{"line":13,"column":1}},"line":9},"4":{"name":"(anonymous_4)","decl":{"start":{"line":15,"column":21},"end":{"line":15,"column":22}},"loc":{"start":{"line":15,"column":82},"end":{"line":28,"column":1}},"line":15},"5":{"name":"(anonymous_5)","decl":{"start":{"line":15,"column":82},"end":{"line":15,"column":83}},"loc":{"start":{"line":15,"column":93},"end":{"line":28,"column":1}},"line":15}},"branchMap":{},"s":{"0":1,"1":1,"2":1,"3":1,"4":1,"5":1,"6":1,"7":1,"8":1,"9":1,"10":1,"11":1,"12":3,"13":2,"14":2,"15":2,"16":2,"17":1,"18":1,"19":1,"20":1,"21":1},"f":{"0":1,"1":1,"2":1,"3":1,"4":3,"5":2},"b":{},"_coverageSchema":"43e27e138ebf9cfc5966b082cf9a028302ed4184","hash":"2f0f04a50e7dcabf8965b59ec56bcbd6da3361e3"}
}
